[Server]2021/11/22 - 11:01:54.127	[34minfo[0m	register table success
[Server]2021/11/22 - 11:01:54.129	[34minfo[0m	use middleware logger
[Server]2021/11/22 - 11:01:54.129	[34minfo[0m	use middleware cors
[Server]2021/11/22 - 11:01:54.129	[34minfo[0m	register swagger handler
[Server]2021/11/22 - 11:01:54.144	[34minfo[0m	router register success
[Server]2021/11/22 - 11:01:54.159	[34minfo[0m	server run success on 	{"address": ":8888"}
[Server]2021/11/22 - 11:32:26.083	[34minfo[0m	register table success
[Server]2021/11/22 - 11:32:26.084	[34minfo[0m	use middleware logger
[Server]2021/11/22 - 11:32:26.085	[34minfo[0m	use middleware cors
[Server]2021/11/22 - 11:32:26.085	[34minfo[0m	register swagger handler
[Server]2021/11/22 - 11:32:26.098	[34minfo[0m	router register success
[Server]2021/11/22 - 11:32:26.110	[34minfo[0m	server run success on 	{"address": ":8888"}
[Server]2021/11/22 - 12:00:37.346	[34minfo[0m	register table success
[Server]2021/11/22 - 12:00:37.349	[34minfo[0m	use middleware logger
[Server]2021/11/22 - 12:00:37.349	[34minfo[0m	use middleware cors
[Server]2021/11/22 - 12:00:37.349	[34minfo[0m	register swagger handler
[Server]2021/11/22 - 12:00:37.362	[34minfo[0m	router register success
[Server]2021/11/22 - 12:00:37.381	[34minfo[0m	server run success on 	{"address": ":8888"}
[Server]2021/11/22 - 12:03:36.555	[34minfo[0m	register table success
[Server]2021/11/22 - 12:03:36.557	[34minfo[0m	use middleware logger
[Server]2021/11/22 - 12:03:36.558	[34minfo[0m	use middleware cors
[Server]2021/11/22 - 12:03:36.558	[34minfo[0m	register swagger handler
[Server]2021/11/22 - 12:03:36.571	[34minfo[0m	router register success
[Server]2021/11/22 - 12:03:36.578	[34minfo[0m	server run success on 	{"address": ":8888"}
[Server]2021/11/22 - 14:19:45.864	[34minfo[0m	register table success
[Server]2021/11/22 - 14:19:45.866	[34minfo[0m	use middleware logger
[Server]2021/11/22 - 14:19:45.866	[34minfo[0m	use middleware cors
[Server]2021/11/22 - 14:19:45.866	[34minfo[0m	register swagger handler
[Server]2021/11/22 - 14:19:45.880	[34minfo[0m	router register success
[Server]2021/11/22 - 14:19:45.883	[34minfo[0m	server run success on 	{"address": ":8888"}
[Server]2021/11/22 - 14:34:28.391	[34minfo[0m	register table success
[Server]2021/11/22 - 14:34:28.392	[34minfo[0m	use middleware logger
[Server]2021/11/22 - 14:34:28.392	[34minfo[0m	use middleware cors
[Server]2021/11/22 - 14:34:28.393	[34minfo[0m	register swagger handler
[Server]2021/11/22 - 14:34:28.406	[34minfo[0m	router register success
[Server]2021/11/22 - 14:34:28.415	[34minfo[0m	server run success on 	{"address": ":8888"}
[Server]2021/11/22 - 14:44:25.810	[34minfo[0m	register table success
[Server]2021/11/22 - 14:44:25.813	[34minfo[0m	use middleware logger
[Server]2021/11/22 - 14:44:25.813	[34minfo[0m	use middleware cors
[Server]2021/11/22 - 14:44:25.813	[34minfo[0m	register swagger handler
[Server]2021/11/22 - 14:44:25.832	[34minfo[0m	router register success
[Server]2021/11/22 - 14:44:25.849	[34minfo[0m	server run success on 	{"address": ":8888"}
[Server]2021/11/22 - 15:59:35.223	[34minfo[0m	register table success
[Server]2021/11/22 - 15:59:35.227	[34minfo[0m	use middleware logger
[Server]2021/11/22 - 15:59:35.228	[34minfo[0m	use middleware cors
[Server]2021/11/22 - 15:59:35.228	[34minfo[0m	register swagger handler
[Server]2021/11/22 - 15:59:35.248	[34minfo[0m	router register success
[Server]2021/11/22 - 15:59:35.253	[34minfo[0m	server run success on 	{"address": ":8888"}
[Server]2021/11/22 - 16:05:14.602	[34minfo[0m	register table success
[Server]2021/11/22 - 16:05:14.605	[34minfo[0m	use middleware logger
[Server]2021/11/22 - 16:05:14.605	[34minfo[0m	use middleware cors
[Server]2021/11/22 - 16:05:14.605	[34minfo[0m	register swagger handler
[Server]2021/11/22 - 16:05:14.620	[34minfo[0m	router register success
[Server]2021/11/22 - 16:05:14.633	[34minfo[0m	server run success on 	{"address": ":8888"}
[Server]2021/11/22 - 16:05:23.782	[31merror[0m	LOG!	{"err": "{\"body\":{\"Code\":\"isv.INVALID_JSON_PARAM\",\"Message\":\"JSON参数不合法\",\"RequestId\":\"E9C009B7-B190-50E2-99F8-5CF5CD9A2FB9\"},\"headers\":{\"access-control-allow-headers\":\"X-Requested-With, X-Sequence, _aop_secret, _aop_signature, x-acs-action, x-acs-version, x-acs-date, Content-Type\",\"access-control-allow-methods\":\"POST, GET, OPTIONS, PUT, DELETE\",\"access-control-allow-origin\":\"*\",\"access-control-max-age\":\"172800\",\"connection\":\"keep-alive\",\"content-length\":\"116\",\"content-type\":\"application/json;charset=utf-8\",\"date\":\"Mon, 22 Nov 2021 08:05:22 GMT\",\"x-acs-request-id\":\"E9C009B7-B190-50E2-99F8-5CF5CD9A2FB9\",\"x-acs-trace-id\":\"e093f5ba4b0dfe3ec4f16b48c360d26f\"}}"}
[Server]2021/11/22 - 16:27:28.612	[34minfo[0m	register table success
[Server]2021/11/22 - 16:27:28.614	[34minfo[0m	use middleware logger
[Server]2021/11/22 - 16:27:28.615	[34minfo[0m	use middleware cors
[Server]2021/11/22 - 16:27:28.615	[34minfo[0m	register swagger handler
[Server]2021/11/22 - 16:27:28.633	[34minfo[0m	router register success
[Server]2021/11/22 - 16:27:28.642	[34minfo[0m	server run success on 	{"address": ":8888"}
[Server]2021/11/22 - 16:27:36.904	[31merror[0m	LOG!	{"err": "{\"body\":{\"Code\":\"isv.INVALID_JSON_PARAM\",\"Message\":\"JSON参数不合法\",\"RequestId\":\"1966D45F-60A5-5077-AC6B-C6FC116CB5D1\"},\"headers\":{\"access-control-allow-headers\":\"X-Requested-With, X-Sequence, _aop_secret, _aop_signature, x-acs-action, x-acs-version, x-acs-date, Content-Type\",\"access-control-allow-methods\":\"POST, GET, OPTIONS, PUT, DELETE\",\"access-control-allow-origin\":\"*\",\"access-control-max-age\":\"172800\",\"connection\":\"keep-alive\",\"content-length\":\"116\",\"content-type\":\"application/json;charset=utf-8\",\"date\":\"Mon, 22 Nov 2021 08:27:36 GMT\",\"x-acs-request-id\":\"1966D45F-60A5-5077-AC6B-C6FC116CB5D1\",\"x-acs-trace-id\":\"0499e137089f5b225181d5f6ad554eab\"}}"}
[Server]2021/11/22 - 16:29:21.897	[34minfo[0m	register table success
[Server]2021/11/22 - 16:29:21.900	[34minfo[0m	use middleware logger
[Server]2021/11/22 - 16:29:21.900	[34minfo[0m	use middleware cors
[Server]2021/11/22 - 16:29:21.900	[34minfo[0m	register swagger handler
[Server]2021/11/22 - 16:29:21.914	[34minfo[0m	router register success
[Server]2021/11/22 - 16:29:21.920	[34minfo[0m	server run success on 	{"address": ":8888"}
[Server]2021/11/22 - 16:29:27.855	[31merror[0m	LOG!	{"err": "{\"body\":{\"Code\":\"isv.INVALID_JSON_PARAM\",\"Message\":\"JSON参数不合法\",\"RequestId\":\"D882604C-5F40-5CC5-A946-A51E22B45841\"},\"headers\":{\"access-control-allow-headers\":\"X-Requested-With, X-Sequence, _aop_secret, _aop_signature, x-acs-action, x-acs-version, x-acs-date, Content-Type\",\"access-control-allow-methods\":\"POST, GET, OPTIONS, PUT, DELETE\",\"access-control-allow-origin\":\"*\",\"access-control-max-age\":\"172800\",\"connection\":\"keep-alive\",\"content-length\":\"116\",\"content-type\":\"application/json;charset=utf-8\",\"date\":\"Mon, 22 Nov 2021 08:29:27 GMT\",\"x-acs-request-id\":\"D882604C-5F40-5CC5-A946-A51E22B45841\",\"x-acs-trace-id\":\"dc9ea72c84dd3e1e2f1e63e631bc2c00\"}}"}
[Server]2021/11/22 - 16:31:25.905	[34minfo[0m	register table success
[Server]2021/11/22 - 16:31:25.907	[34minfo[0m	use middleware logger
[Server]2021/11/22 - 16:31:25.907	[34minfo[0m	use middleware cors
[Server]2021/11/22 - 16:31:25.907	[34minfo[0m	register swagger handler
[Server]2021/11/22 - 16:31:25.921	[34minfo[0m	router register success
[Server]2021/11/22 - 16:31:25.923	[34minfo[0m	server run success on 	{"address": ":8888"}
[Server]2021/11/22 - 16:32:15.041	[31merror[0m	LOG!	{"err": "{\"body\":{\"BizId\":\"706021137569934024^0\",\"Code\":\"OK\",\"Message\":\"OK\",\"RequestId\":\"9B119126-EEDB-536B-BF51-9D825ED913CD\"},\"headers\":{\"access-control-allow-headers\":\"X-Requested-With, X-Sequence, _aop_secret, _aop_signature, x-acs-action, x-acs-version, x-acs-date, Content-Type\",\"access-control-allow-methods\":\"POST, GET, OPTIONS, PUT, DELETE\",\"access-control-allow-origin\":\"*\",\"access-control-max-age\":\"172800\",\"connection\":\"keep-alive\",\"content-length\":\"110\",\"content-type\":\"application/json;charset=utf-8\",\"date\":\"Mon, 22 Nov 2021 08:32:14 GMT\",\"x-acs-request-id\":\"9B119126-EEDB-536B-BF51-9D825ED913CD\",\"x-acs-trace-id\":\"f02e0ff9dbc9649e0ddf03fedb1d4f00\"}}"}
[Server]2021/11/22 - 16:43:58.074	[34minfo[0m	register table success
[Server]2021/11/22 - 16:43:58.076	[34minfo[0m	use middleware logger
[Server]2021/11/22 - 16:43:58.076	[34minfo[0m	use middleware cors
[Server]2021/11/22 - 16:43:58.076	[34minfo[0m	register swagger handler
[Server]2021/11/22 - 16:43:58.103	[34minfo[0m	router register success
[Server]2021/11/22 - 16:43:58.113	[34minfo[0m	server run success on 	{"address": ":8888"}
[Server]2021/11/22 - 16:44:09.265	[31merror[0m	发送失败!	{"err": "SDKError:\n   Code: MissingPhoneNumbers\n   Message: code: 400, PhoneNumbers is mandatory for this action. request id: 7BE67AF4-C579-53E8-B888-7E10F95DB05A\n   Data: {\"Code\":\"MissingPhoneNumbers\",\"HostId\":\"dysmsapi.aliyuncs.com\",\"Message\":\"PhoneNumbers is mandatory for this action.\",\"Recommend\":\"https://error-center.aliyun.com/status/search?Keyword=MissingPhoneNumbers\\u0026source=PopGw\",\"RequestId\":\"7BE67AF4-C579-53E8-B888-7E10F95DB05A\"}\n"}
[Server]2021/11/22 - 16:44:09.265	[31merror[0m	发送失败!	{"err": "SDKError:\n   Code: MissingPhoneNumbers\n   Message: code: 400, PhoneNumbers is mandatory for this action. request id: 7BE67AF4-C579-53E8-B888-7E10F95DB05A\n   Data: {\"Code\":\"MissingPhoneNumbers\",\"HostId\":\"dysmsapi.aliyuncs.com\",\"Message\":\"PhoneNumbers is mandatory for this action.\",\"Recommend\":\"https://error-center.aliyun.com/status/search?Keyword=MissingPhoneNumbers\\u0026source=PopGw\",\"RequestId\":\"7BE67AF4-C579-53E8-B888-7E10F95DB05A\"}\n"}
[Server]2021/11/22 - 16:45:07.859	[34minfo[0m	register table success
[Server]2021/11/22 - 16:45:07.861	[34minfo[0m	use middleware logger
[Server]2021/11/22 - 16:45:07.861	[34minfo[0m	use middleware cors
[Server]2021/11/22 - 16:45:07.862	[34minfo[0m	register swagger handler
[Server]2021/11/22 - 16:45:07.874	[34minfo[0m	router register success
[Server]2021/11/22 - 16:45:07.882	[34minfo[0m	server run success on 	{"address": ":8888"}
[Server]2021/11/22 - 16:45:30.687	[31merror[0m	LOG!	{"err": "{\"body\":{\"BizId\":\"478406837570729712^0\",\"Code\":\"OK\",\"Message\":\"OK\",\"RequestId\":\"DC791469-95D8-5383-BF6D-FCC265DD0C56\"},\"headers\":{\"access-control-allow-headers\":\"X-Requested-With, X-Sequence, _aop_secret, _aop_signature, x-acs-action, x-acs-version, x-acs-date, Content-Type\",\"access-control-allow-methods\":\"POST, GET, OPTIONS, PUT, DELETE\",\"access-control-allow-origin\":\"*\",\"access-control-max-age\":\"172800\",\"connection\":\"keep-alive\",\"content-length\":\"110\",\"content-type\":\"application/json;charset=utf-8\",\"date\":\"Mon, 22 Nov 2021 08:45:29 GMT\",\"x-acs-request-id\":\"DC791469-95D8-5383-BF6D-FCC265DD0C56\",\"x-acs-trace-id\":\"f6b1582e8b19675143f315bb4c70b614\"}}"}
