[Server]2021/11/23 - 13:48:58.741	[34minfo[0m	register table success
[Server]2021/11/23 - 13:48:58.743	[34minfo[0m	use middleware logger
[Server]2021/11/23 - 13:48:58.743	[34minfo[0m	use middleware cors
[Server]2021/11/23 - 13:48:58.744	[34minfo[0m	register swagger handler
[Server]2021/11/23 - 13:48:58.759	[34minfo[0m	router register success
[Server]2021/11/23 - 13:48:58.770	[34minfo[0m	server run success on 	{"address": ":8888"}
[Server]2021/11/23 - 13:55:01.338	[34minfo[0m	register table success
[Server]2021/11/23 - 13:55:01.340	[34minfo[0m	use middleware logger
[Server]2021/11/23 - 13:55:01.340	[34minfo[0m	use middleware cors
[Server]2021/11/23 - 13:55:01.351	[34minfo[0m	register swagger handler
[Server]2021/11/23 - 13:55:01.367	[34minfo[0m	router register success
[Server]2021/11/23 - 13:55:01.382	[34minfo[0m	server run success on 	{"address": ":8888"}
[Server]2021/11/23 - 13:56:46.353	[34minfo[0m	register table success
[Server]2021/11/23 - 13:56:46.355	[34minfo[0m	use middleware logger
[Server]2021/11/23 - 13:56:46.355	[34minfo[0m	use middleware cors
[Server]2021/11/23 - 13:56:46.356	[34minfo[0m	register swagger handler
[Server]2021/11/23 - 13:56:46.367	[34minfo[0m	router register success
[Server]2021/11/23 - 13:56:46.375	[34minfo[0m	server run success on 	{"address": ":8888"}
[Server]2021/11/23 - 14:07:15.719	[34minfo[0m	register table success
[Server]2021/11/23 - 14:07:15.722	[34minfo[0m	use middleware logger
[Server]2021/11/23 - 14:07:15.722	[34minfo[0m	use middleware cors
[Server]2021/11/23 - 14:07:15.722	[34minfo[0m	register swagger handler
[Server]2021/11/23 - 14:07:15.734	[34minfo[0m	router register success
[Server]2021/11/23 - 14:07:15.736	[34minfo[0m	server run success on 	{"address": ":8888"}
[Server]2021/11/23 - 14:13:33.882	[34minfo[0m	register table success
[Server]2021/11/23 - 14:13:33.885	[34minfo[0m	use middleware logger
[Server]2021/11/23 - 14:13:33.885	[34minfo[0m	use middleware cors
[Server]2021/11/23 - 14:13:33.885	[34minfo[0m	register swagger handler
[Server]2021/11/23 - 14:13:33.898	[34minfo[0m	router register success
[Server]2021/11/23 - 14:13:33.901	[34minfo[0m	server run success on 	{"address": ":8888"}
[Server]2021/11/23 - 14:30:50.930	[34minfo[0m	register table success
[Server]2021/11/23 - 14:30:50.932	[34minfo[0m	use middleware logger
[Server]2021/11/23 - 14:30:50.932	[34minfo[0m	use middleware cors
[Server]2021/11/23 - 14:30:50.932	[34minfo[0m	register swagger handler
[Server]2021/11/23 - 14:30:50.946	[34minfo[0m	router register success
[Server]2021/11/23 - 14:30:50.962	[34minfo[0m	server run success on 	{"address": ":8888"}
[Server]2021/11/23 - 15:13:32.992	[34minfo[0m	register table success
[Server]2021/11/23 - 15:13:32.995	[34minfo[0m	use middleware logger
[Server]2021/11/23 - 15:13:32.995	[34minfo[0m	use middleware cors
[Server]2021/11/23 - 15:13:32.995	[34minfo[0m	register swagger handler
[Server]2021/11/23 - 15:13:33.008	[34minfo[0m	router register success
[Server]2021/11/23 - 15:13:33.018	[34minfo[0m	server run success on 	{"address": ":8888"}
[Server]2021/11/23 - 15:15:31.086	[34minfo[0m	register table success
[Server]2021/11/23 - 15:15:31.088	[34minfo[0m	use middleware logger
[Server]2021/11/23 - 15:15:31.088	[34minfo[0m	use middleware cors
[Server]2021/11/23 - 15:15:31.089	[34minfo[0m	register swagger handler
[Server]2021/11/23 - 15:15:31.101	[34minfo[0m	router register success
[Server]2021/11/23 - 15:15:31.111	[34minfo[0m	server run success on 	{"address": ":8888"}
[Server]2021/11/23 - 15:38:41.425	[34minfo[0m	register table success
[Server]2021/11/23 - 15:38:41.430	[34minfo[0m	use middleware logger
[Server]2021/11/23 - 15:38:41.430	[34minfo[0m	use middleware cors
[Server]2021/11/23 - 15:38:41.430	[34minfo[0m	register swagger handler
[Server]2021/11/23 - 15:38:41.443	[34minfo[0m	router register success
[Server]2021/11/23 - 15:38:41.455	[34minfo[0m	server run success on 	{"address": ":8888"}
[Server]2021/11/23 - 17:07:15.857	[34minfo[0m	register table success
[Server]2021/11/23 - 17:07:15.859	[34minfo[0m	use middleware logger
[Server]2021/11/23 - 17:07:15.859	[34minfo[0m	use middleware cors
[Server]2021/11/23 - 17:07:15.859	[34minfo[0m	register swagger handler
[Server]2021/11/23 - 17:07:15.871	[34minfo[0m	router register success
[Server]2021/11/23 - 17:07:15.877	[34minfo[0m	server run success on 	{"address": ":8888"}
[Server]2021/11/23 - 17:21:19.134	[34minfo[0m	register table success
[Server]2021/11/23 - 17:21:19.136	[34minfo[0m	use middleware logger
[Server]2021/11/23 - 17:21:19.136	[34minfo[0m	use middleware cors
[Server]2021/11/23 - 17:21:19.136	[34minfo[0m	register swagger handler
[Server]2021/11/23 - 17:21:19.148	[34minfo[0m	router register success
[Server]2021/11/23 - 17:21:19.154	[34minfo[0m	server run success on 	{"address": ":8888"}
[Server]2021/11/23 - 18:00:14.297	[34minfo[0m	register table success
[Server]2021/11/23 - 18:00:14.298	[34minfo[0m	use middleware logger
[Server]2021/11/23 - 18:00:14.299	[34minfo[0m	use middleware cors
[Server]2021/11/23 - 18:00:14.299	[34minfo[0m	register swagger handler
[Server]2021/11/23 - 18:00:14.312	[34minfo[0m	router register success
[Server]2021/11/23 - 18:00:14.317	[34minfo[0m	server run success on 	{"address": ":8888"}
[Server]2021/11/23 - 18:01:21.389	[34minfo[0m	register table success
[Server]2021/11/23 - 18:01:21.391	[34minfo[0m	use middleware logger
[Server]2021/11/23 - 18:01:21.391	[34minfo[0m	use middleware cors
[Server]2021/11/23 - 18:01:21.392	[34minfo[0m	register swagger handler
[Server]2021/11/23 - 18:01:21.406	[34minfo[0m	router register success
[Server]2021/11/23 - 18:01:21.414	[34minfo[0m	server run success on 	{"address": ":8888"}
