[Server]2021/11/25 - 10:04:25.474	[34minfo[0m	register table success
[Server]2021/11/25 - 10:04:25.481	[34minfo[0m	use middleware logger
[Server]2021/11/25 - 10:04:25.481	[34minfo[0m	use middleware cors
[Server]2021/11/25 - 10:04:25.482	[34minfo[0m	register swagger handler
[Server]2021/11/25 - 10:04:25.503	[34minfo[0m	router register success
[Server]2021/11/25 - 10:04:25.518	[34minfo[0m	server run success on 	{"address": ":8888"}
[Server]2021/11/25 - 10:05:01.378	[31merror[0m	å‘é€å¤±è´¥	{"err": ""}
[Server]2021/11/25 - 10:07:53.486	[34minfo[0m	register table success
[Server]2021/11/25 - 10:07:53.489	[34minfo[0m	use middleware logger
[Server]2021/11/25 - 10:07:53.489	[34minfo[0m	use middleware cors
[Server]2021/11/25 - 10:07:53.489	[34minfo[0m	register swagger handler
[Server]2021/11/25 - 10:07:53.501	[34minfo[0m	router register success
[Server]2021/11/25 - 10:07:53.504	[34minfo[0m	server run success on 	{"address": ":8888"}
[Server]2021/11/25 - 10:08:01.602	[31merror[0m	å‘é€å¤±è´¥	{"err": true}
[Server]2021/11/25 - 10:08:02.953	[31merror[0m	å‘é€å¤±è´¥	{"err": true}
[Server]2021/11/25 - 10:08:03.704	[31merror[0m	å‘é€å¤±è´¥	{"err": true}
[Server]2021/11/25 - 10:08:04.486	[31merror[0m	å‘é€å¤±è´¥	{"err": true}
[Server]2021/11/25 - 10:08:22.036	[31merror[0m	å‘é€å¤±è´¥	{"err": true}
[Server]2021/11/25 - 10:08:49.250	[31merror[0m	å‘é€å¤±è´¥	{"err": true}
[Server]2021/11/25 - 10:08:59.581	[31merror[0m	å‘é€å¤±è´¥	{"err": false}
[Server]2021/11/25 - 10:09:50.837	[31merror[0m	å‘é€å¤±è´¥	{"err": true}
[Server]2021/11/25 - 10:10:07.454	[31merror[0m	å‘é€å¤±è´¥	{"err": true}
[Server]2021/11/25 - 10:44:52.552	[34minfo[0m	register table success
[Server]2021/11/25 - 10:44:52.554	[34minfo[0m	use middleware logger
[Server]2021/11/25 - 10:44:52.554	[34minfo[0m	use middleware cors
[Server]2021/11/25 - 10:44:52.554	[34minfo[0m	register swagger handler
[Server]2021/11/25 - 10:44:52.569	[34minfo[0m	router register success
[Server]2021/11/25 - 10:44:52.577	[34minfo[0m	server run success on 	{"address": ":8888"}
[Server]2021/11/25 - 10:52:23.619	[31merror[0m	å‘é€å¤±è´¥	{"err": false}
[Server]2021/11/25 - 10:53:50.655	[34minfo[0m	register table success
[Server]2021/11/25 - 10:53:50.659	[34minfo[0m	use middleware logger
[Server]2021/11/25 - 10:53:50.659	[34minfo[0m	use middleware cors
[Server]2021/11/25 - 10:53:50.660	[34minfo[0m	register swagger handler
[Server]2021/11/25 - 10:53:50.688	[34minfo[0m	router register success
[Server]2021/11/25 - 10:53:50.701	[34minfo[0m	server run success on 	{"address": ":8888"}
[Server]2021/11/25 - 10:54:20.554	[31merror[0m		{"err": false}
[Server]2021/11/25 - 10:56:13.474	[31merror[0m		{"err": false}
[Server]2021/11/25 - 11:59:54.535	[34minfo[0m	register table success
[Server]2021/11/25 - 11:59:54.538	[34minfo[0m	use middleware logger
[Server]2021/11/25 - 11:59:54.538	[34minfo[0m	use middleware cors
[Server]2021/11/25 - 11:59:54.539	[34minfo[0m	register swagger handler
[Server]2021/11/25 - 11:59:54.553	[34minfo[0m	router register success
[Server]2021/11/25 - 11:59:54.563	[34minfo[0m	server run success on 	{"address": ":8888"}
[Server]2021/11/25 - 14:54:37.607	[34minfo[0m	register table success
[Server]2021/11/25 - 14:54:37.609	[34minfo[0m	use middleware logger
[Server]2021/11/25 - 14:54:37.609	[34minfo[0m	use middleware cors
[Server]2021/11/25 - 14:54:37.609	[34minfo[0m	register swagger handler
[Server]2021/11/25 - 14:54:37.622	[34minfo[0m	router register success
[Server]2021/11/25 - 14:54:37.634	[34minfo[0m	server run success on 	{"address": ":8888"}
[Server]2021/11/25 - 14:54:58.048	[31merror[0m	å‘é€å¤±è´¥!	{"err": "SDKError:\n   Code: MissingAccessKeyId\n   Message: code: 400, AccessKeyId is mandatory for this action. request id: B5538530-3260-5552-BE38-162916C73DB6\n   Data: {\"Code\":\"MissingAccessKeyId\",\"HostId\":\"dysmsapi.aliyuncs.com\",\"Message\":\"AccessKeyId is mandatory for this action.\",\"Recommend\":\"https://error-center.aliyun.com/status/search?Keyword=MissingAccessKeyId\\u0026source=PopGw\",\"RequestId\":\"B5538530-3260-5552-BE38-162916C73DB6\"}\n"}
[Server]2021/11/25 - 14:54:58.048	[31merror[0m	å‘é€å¤±è´¥!	{"err": "SDKError:\n   Code: MissingAccessKeyId\n   Message: code: 400, AccessKeyId is mandatory for this action. request id: B5538530-3260-5552-BE38-162916C73DB6\n   Data: {\"Code\":\"MissingAccessKeyId\",\"HostId\":\"dysmsapi.aliyuncs.com\",\"Message\":\"AccessKeyId is mandatory for this action.\",\"Recommend\":\"https://error-center.aliyun.com/status/search?Keyword=MissingAccessKeyId\\u0026source=PopGw\",\"RequestId\":\"B5538530-3260-5552-BE38-162916C73DB6\"}\n"}
[Server]2021/11/25 - 15:03:17.201	[31merror[0m	å‘é€å¤±è´¥!	{"err": "SDKError:\n   Code: MissingAccessKeyId\n   Message: code: 400, AccessKeyId is mandatory for this action. request id: B7528C89-6A4E-545A-AD3B-7C4ACB9FC343\n   Data: {\"Code\":\"MissingAccessKeyId\",\"HostId\":\"dysmsapi.aliyuncs.com\",\"Message\":\"AccessKeyId is mandatory for this action.\",\"Recommend\":\"https://error-center.aliyun.com/status/search?Keyword=MissingAccessKeyId\\u0026source=PopGw\",\"RequestId\":\"B7528C89-6A4E-545A-AD3B-7C4ACB9FC343\"}\n"}
[Server]2021/11/25 - 15:03:17.202	[31merror[0m	å‘é€å¤±è´¥!	{"err": "SDKError:\n   Code: MissingAccessKeyId\n   Message: code: 400, AccessKeyId is mandatory for this action. request id: B7528C89-6A4E-545A-AD3B-7C4ACB9FC343\n   Data: {\"Code\":\"MissingAccessKeyId\",\"HostId\":\"dysmsapi.aliyuncs.com\",\"Message\":\"AccessKeyId is mandatory for this action.\",\"Recommend\":\"https://error-center.aliyun.com/status/search?Keyword=MissingAccessKeyId\\u0026source=PopGw\",\"RequestId\":\"B7528C89-6A4E-545A-AD3B-7C4ACB9FC343\"}\n"}
[Server]2021/11/25 - 15:04:16.569	[34minfo[0m	register table success
[Server]2021/11/25 - 15:04:16.571	[34minfo[0m	use middleware logger
[Server]2021/11/25 - 15:04:16.571	[34minfo[0m	use middleware cors
[Server]2021/11/25 - 15:04:16.572	[34minfo[0m	register swagger handler
[Server]2021/11/25 - 15:04:16.584	[34minfo[0m	router register success
[Server]2021/11/25 - 15:04:16.596	[34minfo[0m	server run success on 	{"address": ":8888"}
[Server]2021/11/25 - 15:04:41.529	[31merror[0m	å‘é€å¤±è´¥!	{"err": "SDKError:\n   Code: MissingAccessKeyId\n   Message: code: 400, AccessKeyId is mandatory for this action. request id: 66AD2A28-359C-57A7-B492-5B10AE95A106\n   Data: {\"Code\":\"MissingAccessKeyId\",\"HostId\":\"dysmsapi.aliyuncs.com\",\"Message\":\"AccessKeyId is mandatory for this action.\",\"Recommend\":\"https://error-center.aliyun.com/status/search?Keyword=MissingAccessKeyId\\u0026source=PopGw\",\"RequestId\":\"66AD2A28-359C-57A7-B492-5B10AE95A106\"}\n"}
[Server]2021/11/25 - 15:04:41.529	[31merror[0m	å‘é€å¤±è´¥!	{"err": "SDKError:\n   Code: MissingAccessKeyId\n   Message: code: 400, AccessKeyId is mandatory for this action. request id: 66AD2A28-359C-57A7-B492-5B10AE95A106\n   Data: {\"Code\":\"MissingAccessKeyId\",\"HostId\":\"dysmsapi.aliyuncs.com\",\"Message\":\"AccessKeyId is mandatory for this action.\",\"Recommend\":\"https://error-center.aliyun.com/status/search?Keyword=MissingAccessKeyId\\u0026source=PopGw\",\"RequestId\":\"66AD2A28-359C-57A7-B492-5B10AE95A106\"}\n"}
[Server]2021/11/25 - 15:06:18.087	[34minfo[0m	register table success
[Server]2021/11/25 - 15:06:18.089	[34minfo[0m	use middleware logger
[Server]2021/11/25 - 15:06:18.089	[34minfo[0m	use middleware cors
[Server]2021/11/25 - 15:06:18.090	[34minfo[0m	register swagger handler
[Server]2021/11/25 - 15:06:18.103	[34minfo[0m	router register success
[Server]2021/11/25 - 15:06:18.109	[34minfo[0m	server run success on 	{"address": ":8888"}
[Server]2021/11/25 - 15:06:27.142	[31merror[0m	å‘é€å¤±è´¥!	{"err": "SDKError:\n   Code: MissingAccessKeyId\n   Message: code: 400, AccessKeyId is mandatory for this action. request id: 3834DA22-6B34-5689-A0B2-1B032AA17F78\n   Data: {\"Code\":\"MissingAccessKeyId\",\"HostId\":\"dysmsapi.aliyuncs.com\",\"Message\":\"AccessKeyId is mandatory for this action.\",\"Recommend\":\"https://error-center.aliyun.com/status/search?Keyword=MissingAccessKeyId\\u0026source=PopGw\",\"RequestId\":\"3834DA22-6B34-5689-A0B2-1B032AA17F78\"}\n"}
[Server]2021/11/25 - 15:06:27.143	[31merror[0m	å‘é€å¤±è´¥!	{"err": "SDKError:\n   Code: MissingAccessKeyId\n   Message: code: 400, AccessKeyId is mandatory for this action. request id: 3834DA22-6B34-5689-A0B2-1B032AA17F78\n   Data: {\"Code\":\"MissingAccessKeyId\",\"HostId\":\"dysmsapi.aliyuncs.com\",\"Message\":\"AccessKeyId is mandatory for this action.\",\"Recommend\":\"https://error-center.aliyun.com/status/search?Keyword=MissingAccessKeyId\\u0026source=PopGw\",\"RequestId\":\"3834DA22-6B34-5689-A0B2-1B032AA17F78\"}\n"}
[Server]2021/11/25 - 15:17:32.880	[34minfo[0m	register table success
[Server]2021/11/25 - 15:17:32.882	[34minfo[0m	use middleware logger
[Server]2021/11/25 - 15:17:32.882	[34minfo[0m	use middleware cors
[Server]2021/11/25 - 15:17:32.882	[34minfo[0m	register swagger handler
[Server]2021/11/25 - 15:17:32.895	[34minfo[0m	router register success
[Server]2021/11/25 - 15:17:32.899	[34minfo[0m	server run success on 	{"address": ":8888"}
[Server]2021/11/25 - 15:18:31.927	[31merror[0m	å‘é€å¤±è´¥!	{"err": "SDKError:\n   Code: MissingAccessKeyId\n   Message: code: 400, AccessKeyId is mandatory for this action. request id: 0CE89C35-7F88-5E01-969E-63721A9138EF\n   Data: {\"Code\":\"MissingAccessKeyId\",\"HostId\":\"dysmsapi.aliyuncs.com\",\"Message\":\"AccessKeyId is mandatory for this action.\",\"Recommend\":\"https://error-center.aliyun.com/status/search?Keyword=MissingAccessKeyId\\u0026source=PopGw\",\"RequestId\":\"0CE89C35-7F88-5E01-969E-63721A9138EF\"}\n"}
[Server]2021/11/25 - 15:18:31.927	[31merror[0m	å‘é€å¤±è´¥!	{"err": "SDKError:\n   Code: MissingAccessKeyId\n   Message: code: 400, AccessKeyId is mandatory for this action. request id: 0CE89C35-7F88-5E01-969E-63721A9138EF\n   Data: {\"Code\":\"MissingAccessKeyId\",\"HostId\":\"dysmsapi.aliyuncs.com\",\"Message\":\"AccessKeyId is mandatory for this action.\",\"Recommend\":\"https://error-center.aliyun.com/status/search?Keyword=MissingAccessKeyId\\u0026source=PopGw\",\"RequestId\":\"0CE89C35-7F88-5E01-969E-63721A9138EF\"}\n"}
[Server]2021/11/25 - 15:33:43.571	[34minfo[0m	register table success
[Server]2021/11/25 - 15:33:43.573	[34minfo[0m	use middleware logger
[Server]2021/11/25 - 15:33:43.573	[34minfo[0m	use middleware cors
[Server]2021/11/25 - 15:33:43.574	[34minfo[0m	register swagger handler
[Server]2021/11/25 - 15:33:43.585	[34minfo[0m	router register success
[Server]2021/11/25 - 15:33:43.588	[34minfo[0m	server run success on 	{"address": ":8888"}
[Server]2021/11/25 - 15:33:55.856	[31merror[0m	å‘é€å¤±è´¥!	{"err": "SDKError:\n   Code: MissingAccessKeyId\n   Message: code: 400, AccessKeyId is mandatory for this action. request id: 013274C0-E01D-5E21-9CD5-48390D4A37CF\n   Data: {\"Code\":\"MissingAccessKeyId\",\"HostId\":\"dysmsapi.aliyuncs.com\",\"Message\":\"AccessKeyId is mandatory for this action.\",\"Recommend\":\"https://error-center.aliyun.com/status/search?Keyword=MissingAccessKeyId\\u0026source=PopGw\",\"RequestId\":\"013274C0-E01D-5E21-9CD5-48390D4A37CF\"}\n"}
[Server]2021/11/25 - 15:33:55.856	[31merror[0m	å‘é€å¤±è´¥!	{"err": "SDKError:\n   Code: MissingAccessKeyId\n   Message: code: 400, AccessKeyId is mandatory for this action. request id: 013274C0-E01D-5E21-9CD5-48390D4A37CF\n   Data: {\"Code\":\"MissingAccessKeyId\",\"HostId\":\"dysmsapi.aliyuncs.com\",\"Message\":\"AccessKeyId is mandatory for this action.\",\"Recommend\":\"https://error-center.aliyun.com/status/search?Keyword=MissingAccessKeyId\\u0026source=PopGw\",\"RequestId\":\"013274C0-E01D-5E21-9CD5-48390D4A37CF\"}\n"}
[Server]2021/11/25 - 15:53:41.976	[34minfo[0m	register table success
[Server]2021/11/25 - 15:53:41.977	[34minfo[0m	use middleware logger
[Server]2021/11/25 - 15:53:41.978	[34minfo[0m	use middleware cors
[Server]2021/11/25 - 15:53:41.978	[34minfo[0m	register swagger handler
[Server]2021/11/25 - 15:53:41.992	[34minfo[0m	router register success
[Server]2021/11/25 - 15:53:42.006	[34minfo[0m	server run success on 	{"address": ":8888"}
[Server]2021/11/25 - 15:53:42.249	[31merror[0m	å‘é€å¤±è´¥!	{"err": "SDKError:\n   Code: MissingAccessKeyId\n   Message: code: 400, AccessKeyId is mandatory for this action. request id: EEB5B7A1-0452-5103-ACAE-31EA3DF1F00B\n   Data: {\"Code\":\"MissingAccessKeyId\",\"HostId\":\"dysmsapi.aliyuncs.com\",\"Message\":\"AccessKeyId is mandatory for this action.\",\"Recommend\":\"https://error-center.aliyun.com/status/search?Keyword=MissingAccessKeyId\\u0026source=PopGw\",\"RequestId\":\"EEB5B7A1-0452-5103-ACAE-31EA3DF1F00B\"}\n"}
[Server]2021/11/25 - 15:53:42.249	[31merror[0m	å‘é€å¤±è´¥!	{"err": "SDKError:\n   Code: MissingAccessKeyId\n   Message: code: 400, AccessKeyId is mandatory for this action. request id: EEB5B7A1-0452-5103-ACAE-31EA3DF1F00B\n   Data: {\"Code\":\"MissingAccessKeyId\",\"HostId\":\"dysmsapi.aliyuncs.com\",\"Message\":\"AccessKeyId is mandatory for this action.\",\"Recommend\":\"https://error-center.aliyun.com/status/search?Keyword=MissingAccessKeyId\\u0026source=PopGw\",\"RequestId\":\"EEB5B7A1-0452-5103-ACAE-31EA3DF1F00B\"}\n"}
[Server]2021/11/25 - 15:54:44.251	[34minfo[0m	register table success
[Server]2021/11/25 - 15:54:44.253	[34minfo[0m	use middleware logger
[Server]2021/11/25 - 15:54:44.253	[34minfo[0m	use middleware cors
[Server]2021/11/25 - 15:54:44.253	[34minfo[0m	register swagger handler
[Server]2021/11/25 - 15:54:44.264	[34minfo[0m	router register success
[Server]2021/11/25 - 15:54:44.271	[34minfo[0m	server run success on 	{"address": ":8888"}
[Server]2021/11/25 - 15:54:49.040	[31merror[0m	å‘é€å¤±è´¥!	{"err": "SDKError:\n   Code: MissingAccessKeyId\n   Message: code: 400, AccessKeyId is mandatory for this action. request id: 85C0BE31-EC5E-5410-BE65-2B1B5A0F1663\n   Data: {\"Code\":\"MissingAccessKeyId\",\"HostId\":\"dysmsapi.aliyuncs.com\",\"Message\":\"AccessKeyId is mandatory for this action.\",\"Recommend\":\"https://error-center.aliyun.com/status/search?Keyword=MissingAccessKeyId\\u0026source=PopGw\",\"RequestId\":\"85C0BE31-EC5E-5410-BE65-2B1B5A0F1663\"}\n"}
[Server]2021/11/25 - 15:54:49.040	[31merror[0m	å‘é€å¤±è´¥!	{"err": "SDKError:\n   Code: MissingAccessKeyId\n   Message: code: 400, AccessKeyId is mandatory for this action. request id: 85C0BE31-EC5E-5410-BE65-2B1B5A0F1663\n   Data: {\"Code\":\"MissingAccessKeyId\",\"HostId\":\"dysmsapi.aliyuncs.com\",\"Message\":\"AccessKeyId is mandatory for this action.\",\"Recommend\":\"https://error-center.aliyun.com/status/search?Keyword=MissingAccessKeyId\\u0026source=PopGw\",\"RequestId\":\"85C0BE31-EC5E-5410-BE65-2B1B5A0F1663\"}\n"}
[Server]2021/11/25 - 15:59:30.273	[34minfo[0m	register table success
[Server]2021/11/25 - 15:59:30.278	[34minfo[0m	use middleware logger
[Server]2021/11/25 - 15:59:30.278	[34minfo[0m	use middleware cors
[Server]2021/11/25 - 15:59:30.279	[34minfo[0m	register swagger handler
[Server]2021/11/25 - 15:59:30.310	[34minfo[0m	router register success
[Server]2021/11/25 - 15:59:30.319	[34minfo[0m	server run success on 	{"address": ":8888"}
[Server]2021/11/25 - 16:00:16.938	[31merror[0m	å‘é€å¤±è´¥!	{"err": "SDKError:\n   Code: MissingAccessKeyId\n   Message: code: 400, AccessKeyId is mandatory for this action. request id: 51D8A49C-89C1-5D05-A0F3-B87081B741B7\n   Data: {\"Code\":\"MissingAccessKeyId\",\"HostId\":\"dysmsapi.aliyuncs.com\",\"Message\":\"AccessKeyId is mandatory for this action.\",\"Recommend\":\"https://error-center.aliyun.com/status/search?Keyword=MissingAccessKeyId\\u0026source=PopGw\",\"RequestId\":\"51D8A49C-89C1-5D05-A0F3-B87081B741B7\"}\n"}
[Server]2021/11/25 - 16:00:16.938	[31merror[0m	å‘é€å¤±è´¥!	{"err": "SDKError:\n   Code: MissingAccessKeyId\n   Message: code: 400, AccessKeyId is mandatory for this action. request id: 51D8A49C-89C1-5D05-A0F3-B87081B741B7\n   Data: {\"Code\":\"MissingAccessKeyId\",\"HostId\":\"dysmsapi.aliyuncs.com\",\"Message\":\"AccessKeyId is mandatory for this action.\",\"Recommend\":\"https://error-center.aliyun.com/status/search?Keyword=MissingAccessKeyId\\u0026source=PopGw\",\"RequestId\":\"51D8A49C-89C1-5D05-A0F3-B87081B741B7\"}\n"}
[Server]2021/11/25 - 16:04:17.467	[34minfo[0m	register table success
[Server]2021/11/25 - 16:04:17.471	[34minfo[0m	use middleware logger
[Server]2021/11/25 - 16:04:17.471	[34minfo[0m	use middleware cors
[Server]2021/11/25 - 16:04:17.472	[34minfo[0m	register swagger handler
[Server]2021/11/25 - 16:04:17.483	[34minfo[0m	router register success
[Server]2021/11/25 - 16:04:17.488	[34minfo[0m	server run success on 	{"address": ":8888"}
[Server]2021/11/25 - 16:04:33.620	[31merror[0m	å‘é€å¤±è´¥!	{"err": "SDKError:\n   Code: MissingAccessKeyId\n   Message: code: 400, AccessKeyId is mandatory for this action. request id: 5FDD9EB3-00D1-595A-BA8C-813F4C396098\n   Data: {\"Code\":\"MissingAccessKeyId\",\"HostId\":\"dysmsapi.aliyuncs.com\",\"Message\":\"AccessKeyId is mandatory for this action.\",\"Recommend\":\"https://error-center.aliyun.com/status/search?Keyword=MissingAccessKeyId\\u0026source=PopGw\",\"RequestId\":\"5FDD9EB3-00D1-595A-BA8C-813F4C396098\"}\n"}
[Server]2021/11/25 - 16:04:33.620	[31merror[0m	å‘é€å¤±è´¥!	{"err": "SDKError:\n   Code: MissingAccessKeyId\n   Message: code: 400, AccessKeyId is mandatory for this action. request id: 5FDD9EB3-00D1-595A-BA8C-813F4C396098\n   Data: {\"Code\":\"MissingAccessKeyId\",\"HostId\":\"dysmsapi.aliyuncs.com\",\"Message\":\"AccessKeyId is mandatory for this action.\",\"Recommend\":\"https://error-center.aliyun.com/status/search?Keyword=MissingAccessKeyId\\u0026source=PopGw\",\"RequestId\":\"5FDD9EB3-00D1-595A-BA8C-813F4C396098\"}\n"}
[Server]2021/11/25 - 16:05:42.606	[34minfo[0m	register table success
[Server]2021/11/25 - 16:05:42.608	[34minfo[0m	use middleware logger
[Server]2021/11/25 - 16:05:42.608	[34minfo[0m	use middleware cors
[Server]2021/11/25 - 16:05:42.608	[34minfo[0m	register swagger handler
[Server]2021/11/25 - 16:05:42.622	[34minfo[0m	router register success
[Server]2021/11/25 - 16:05:42.632	[34minfo[0m	server run success on 	{"address": ":8888"}
[Server]2021/11/25 - 16:08:08.526	[31merror[0m	å‘é€å¤±è´¥!	{"err": "SDKError:\n   Code: MissingAccessKeyId\n   Message: code: 400, AccessKeyId is mandatory for this action. request id: 5AE34574-9086-5F87-AB60-70A79F3E16E2\n   Data: {\"Code\":\"MissingAccessKeyId\",\"HostId\":\"dysmsapi.aliyuncs.com\",\"Message\":\"AccessKeyId is mandatory for this action.\",\"Recommend\":\"https://error-center.aliyun.com/status/search?Keyword=MissingAccessKeyId\\u0026source=PopGw\",\"RequestId\":\"5AE34574-9086-5F87-AB60-70A79F3E16E2\"}\n"}
[Server]2021/11/25 - 16:08:08.527	[31merror[0m	å‘é€å¤±è´¥!	{"err": "SDKError:\n   Code: MissingAccessKeyId\n   Message: code: 400, AccessKeyId is mandatory for this action. request id: 5AE34574-9086-5F87-AB60-70A79F3E16E2\n   Data: {\"Code\":\"MissingAccessKeyId\",\"HostId\":\"dysmsapi.aliyuncs.com\",\"Message\":\"AccessKeyId is mandatory for this action.\",\"Recommend\":\"https://error-center.aliyun.com/status/search?Keyword=MissingAccessKeyId\\u0026source=PopGw\",\"RequestId\":\"5AE34574-9086-5F87-AB60-70A79F3E16E2\"}\n"}
[Server]2021/11/25 - 16:16:15.222	[34minfo[0m	register table success
[Server]2021/11/25 - 16:16:15.224	[34minfo[0m	use middleware logger
[Server]2021/11/25 - 16:16:15.224	[34minfo[0m	use middleware cors
[Server]2021/11/25 - 16:16:15.225	[34minfo[0m	register swagger handler
[Server]2021/11/25 - 16:16:15.239	[34minfo[0m	router register success
[Server]2021/11/25 - 16:16:15.242	[34minfo[0m	server run success on 	{"address": ":8888"}
[Server]2021/11/25 - 16:16:24.224	[34minfo[0m	SUCCESS	{"info": "{\"Code\":\"isv.TEMPLATE_MISSING_PARAMETERS\",\"Message\":\"æ¨¡æ¿å˜é‡ç¼ºå°‘å¯¹åº”å‚æ•°å€¼\",\"RequestId\":\"7D7B8E9A-C9C0-5505-9A27-3D21266E6C05\"}"}
[Server]2021/11/25 - 16:21:05.544	[34minfo[0m	register table success
[Server]2021/11/25 - 16:21:05.547	[34minfo[0m	use middleware logger
[Server]2021/11/25 - 16:21:05.548	[34minfo[0m	use middleware cors
[Server]2021/11/25 - 16:21:05.548	[34minfo[0m	register swagger handler
[Server]2021/11/25 - 16:21:05.560	[34minfo[0m	router register success
[Server]2021/11/25 - 16:21:05.562	[34minfo[0m	server run success on 	{"address": ":8888"}
[Server]2021/11/25 - 16:21:23.509	[34minfo[0m	SUCCESS	{"info": "{\"Code\":\"isv.TEMPLATE_MISSING_PARAMETERS\",\"Message\":\"æ¨¡æ¿å˜é‡ç¼ºå°‘å¯¹åº”å‚æ•°å€¼\",\"RequestId\":\"3CE757FE-4E78-5919-A8FE-34E25E84666B\"}"}
[Server]2021/11/25 - 16:22:18.752	[34minfo[0m	register table success
[Server]2021/11/25 - 16:22:18.756	[34minfo[0m	use middleware logger
[Server]2021/11/25 - 16:22:18.756	[34minfo[0m	use middleware cors
[Server]2021/11/25 - 16:22:18.756	[34minfo[0m	register swagger handler
[Server]2021/11/25 - 16:22:18.771	[34minfo[0m	router register success
[Server]2021/11/25 - 16:22:18.783	[34minfo[0m	server run success on 	{"address": ":8888"}
[Server]2021/11/25 - 16:24:05.281	[34minfo[0m	SUCCESS	{"info": "{\"Code\":\"isv.TEMPLATE_MISSING_PARAMETERS\",\"Message\":\"æ¨¡æ¿å˜é‡ç¼ºå°‘å¯¹åº”å‚æ•°å€¼\",\"RequestId\":\"6964244D-13BA-5CAD-BA8B-D9685D82DEFF\"}"}
[Server]2021/11/25 - 16:30:15.211	[34minfo[0m	register table success
[Server]2021/11/25 - 16:30:15.214	[34minfo[0m	use middleware logger
[Server]2021/11/25 - 16:30:15.214	[34minfo[0m	use middleware cors
[Server]2021/11/25 - 16:30:15.214	[34minfo[0m	register swagger handler
[Server]2021/11/25 - 16:30:15.232	[34minfo[0m	router register success
[Server]2021/11/25 - 16:30:15.240	[34minfo[0m	server run success on 	{"address": ":8888"}
[Server]2021/11/25 - 16:30:23.182	[34minfo[0m	SUCCESS	{"info": "{\"BizId\":\"363800837829021332^0\",\"Code\":\"OK\",\"Message\":\"OK\",\"RequestId\":\"623916EC-DC4C-5C56-9268-9B12AE53A6E3\"}"}
[Server]2021/11/25 - 16:30:23.182	[34minfo[0m	SUCCESS
[Server]2021/11/25 - 18:09:20.181	[34minfo[0m	register table success
[Server]2021/11/25 - 18:09:20.182	[34minfo[0m	use middleware logger
[Server]2021/11/25 - 18:09:20.182	[34minfo[0m	use middleware cors
[Server]2021/11/25 - 18:09:20.182	[34minfo[0m	register swagger handler
[Server]2021/11/25 - 18:09:20.197	[34minfo[0m	router register success
[Server]2021/11/25 - 18:09:20.200	[34minfo[0m	server run success on 	{"address": ":8888"}
