[github.com/jefferygeng/yj/server]2021/11/30 - 14:14:13.145	[35mdebug[0m	D:/office/znerp/server/utils/directory.go:40	create directoryautocode_template\server\cmsCategory\api
[github.com/jefferygeng/yj/server]2021/11/30 - 14:14:13.147	[35mdebug[0m	D:/office/znerp/server/utils/directory.go:40	create directoryautocode_template\server\cmsCategory\model
[github.com/jefferygeng/yj/server]2021/11/30 - 14:14:13.147	[35mdebug[0m	D:/office/znerp/server/utils/directory.go:40	create directoryautocode_template\server\cmsCategory\request
[github.com/jefferygeng/yj/server]2021/11/30 - 14:14:13.147	[35mdebug[0m	D:/office/znerp/server/utils/directory.go:40	create directoryautocode_template\server\cmsCategory\router
[github.com/jefferygeng/yj/server]2021/11/30 - 14:14:13.148	[35mdebug[0m	D:/office/znerp/server/utils/directory.go:40	create directoryautocode_template\server\cmsCategory\service
[github.com/jefferygeng/yj/server]2021/11/30 - 14:14:13.148	[35mdebug[0m	D:/office/znerp/server/utils/directory.go:40	create directoryautocode_template\web\cmsCategory\api
[github.com/jefferygeng/yj/server]2021/11/30 - 14:14:13.149	[35mdebug[0m	D:/office/znerp/server/utils/directory.go:40	create directoryautocode_template\web\cmsCategory\form
[github.com/jefferygeng/yj/server]2021/11/30 - 14:14:13.149	[35mdebug[0m	D:/office/znerp/server/utils/directory.go:40	create directoryautocode_template\web\cmsCategory\table
[github.com/jefferygeng/yj/server]2021/11/30 - 14:16:20.863	[35mdebug[0m	D:/office/znerp/server/utils/directory.go:40	create directoryautocode_template\server\cmsCategory\api
[github.com/jefferygeng/yj/server]2021/11/30 - 14:16:20.864	[35mdebug[0m	D:/office/znerp/server/utils/directory.go:40	create directoryautocode_template\server\cmsCategory\model
[github.com/jefferygeng/yj/server]2021/11/30 - 14:16:20.864	[35mdebug[0m	D:/office/znerp/server/utils/directory.go:40	create directoryautocode_template\server\cmsCategory\request
[github.com/jefferygeng/yj/server]2021/11/30 - 14:16:20.864	[35mdebug[0m	D:/office/znerp/server/utils/directory.go:40	create directoryautocode_template\server\cmsCategory\router
[github.com/jefferygeng/yj/server]2021/11/30 - 14:16:20.865	[35mdebug[0m	D:/office/znerp/server/utils/directory.go:40	create directoryautocode_template\server\cmsCategory\service
[github.com/jefferygeng/yj/server]2021/11/30 - 14:16:20.865	[35mdebug[0m	D:/office/znerp/server/utils/directory.go:40	create directoryautocode_template\web\cmsCategory\api
[github.com/jefferygeng/yj/server]2021/11/30 - 14:16:20.866	[35mdebug[0m	D:/office/znerp/server/utils/directory.go:40	create directoryautocode_template\web\cmsCategory\form
[github.com/jefferygeng/yj/server]2021/11/30 - 14:16:20.866	[35mdebug[0m	D:/office/znerp/server/utils/directory.go:40	create directoryautocode_template\web\cmsCategory\table
[github.com/jefferygeng/yj/server]2021/11/30 - 14:20:12.881	[35mdebug[0m	D:/office/znerp/server/utils/directory.go:40	create directoryautocode_template\server\cmsContent\api
[github.com/jefferygeng/yj/server]2021/11/30 - 14:20:12.882	[35mdebug[0m	D:/office/znerp/server/utils/directory.go:40	create directoryautocode_template\server\cmsContent\model
[github.com/jefferygeng/yj/server]2021/11/30 - 14:20:12.882	[35mdebug[0m	D:/office/znerp/server/utils/directory.go:40	create directoryautocode_template\server\cmsContent\request
[github.com/jefferygeng/yj/server]2021/11/30 - 14:20:12.882	[35mdebug[0m	D:/office/znerp/server/utils/directory.go:40	create directoryautocode_template\server\cmsContent\router
[github.com/jefferygeng/yj/server]2021/11/30 - 14:20:12.883	[35mdebug[0m	D:/office/znerp/server/utils/directory.go:40	create directoryautocode_template\server\cmsContent\service
[github.com/jefferygeng/yj/server]2021/11/30 - 14:20:12.883	[35mdebug[0m	D:/office/znerp/server/utils/directory.go:40	create directoryautocode_template\web\cmsContent\api
[github.com/jefferygeng/yj/server]2021/11/30 - 14:20:12.884	[35mdebug[0m	D:/office/znerp/server/utils/directory.go:40	create directoryautocode_template\web\cmsContent\form
[github.com/jefferygeng/yj/server]2021/11/30 - 14:20:12.884	[35mdebug[0m	D:/office/znerp/server/utils/directory.go:40	create directoryautocode_template\web\cmsContent\table
[github.com/jefferygeng/yj/server]2021/12/02 - 10:15:02.196	[35mdebug[0m	D:/office/znerp/server/utils/directory.go:40	create directoryautocode_template\server\znFlight\api
[github.com/jefferygeng/yj/server]2021/12/02 - 10:15:02.197	[35mdebug[0m	D:/office/znerp/server/utils/directory.go:40	create directoryautocode_template\server\znFlight\model
[github.com/jefferygeng/yj/server]2021/12/02 - 10:15:02.198	[35mdebug[0m	D:/office/znerp/server/utils/directory.go:40	create directoryautocode_template\server\znFlight\request
[github.com/jefferygeng/yj/server]2021/12/02 - 10:15:02.198	[35mdebug[0m	D:/office/znerp/server/utils/directory.go:40	create directoryautocode_template\server\znFlight\router
[github.com/jefferygeng/yj/server]2021/12/02 - 10:15:02.198	[35mdebug[0m	D:/office/znerp/server/utils/directory.go:40	create directoryautocode_template\server\znFlight\service
[github.com/jefferygeng/yj/server]2021/12/02 - 10:15:02.198	[35mdebug[0m	D:/office/znerp/server/utils/directory.go:40	create directoryautocode_template\web\znFlight\api
[github.com/jefferygeng/yj/server]2021/12/02 - 10:15:02.199	[35mdebug[0m	D:/office/znerp/server/utils/directory.go:40	create directoryautocode_template\web\znFlight\form
[github.com/jefferygeng/yj/server]2021/12/02 - 10:15:02.199	[35mdebug[0m	D:/office/znerp/server/utils/directory.go:40	create directoryautocode_template\web\znFlight\table
[github.com/jefferygeng/yj/server]2021/12/02 - 10:15:33.084	[35mdebug[0m	D:/office/znerp/server/utils/directory.go:40	create directoryautocode_template\server\znFlight\api
[github.com/jefferygeng/yj/server]2021/12/02 - 10:15:33.084	[35mdebug[0m	D:/office/znerp/server/utils/directory.go:40	create directoryautocode_template\server\znFlight\model
[github.com/jefferygeng/yj/server]2021/12/02 - 10:15:33.085	[35mdebug[0m	D:/office/znerp/server/utils/directory.go:40	create directoryautocode_template\server\znFlight\request
[github.com/jefferygeng/yj/server]2021/12/02 - 10:15:33.086	[35mdebug[0m	D:/office/znerp/server/utils/directory.go:40	create directoryautocode_template\server\znFlight\router
[github.com/jefferygeng/yj/server]2021/12/02 - 10:15:33.086	[35mdebug[0m	D:/office/znerp/server/utils/directory.go:40	create directoryautocode_template\server\znFlight\service
[github.com/jefferygeng/yj/server]2021/12/02 - 10:15:33.086	[35mdebug[0m	D:/office/znerp/server/utils/directory.go:40	create directoryautocode_template\web\znFlight\api
[github.com/jefferygeng/yj/server]2021/12/02 - 10:15:33.087	[35mdebug[0m	D:/office/znerp/server/utils/directory.go:40	create directoryautocode_template\web\znFlight\form
[github.com/jefferygeng/yj/server]2021/12/02 - 10:15:33.087	[35mdebug[0m	D:/office/znerp/server/utils/directory.go:40	create directoryautocode_template\web\znFlight\table
